2026-05-17T12:29:02.526-03:00  INFO 9740 --- [TCC] [restartedMain] com.example.TCC_Application              : Starting TCC_Application using Java 23 with PID 9740 (C:\Users\eddie\OneDrive\Documentos\.git\TCC-UMC\TCC\target\classes started by eddie in C:\Users\eddie\OneDrive\Documentos\.git\TCC-UMC)
2026-05-17T12:29:02.537-03:00  INFO 9740 --- [TCC] [restartedMain] com.example.TCC_Application              : No active profile set, falling back to 1 default profile: "default"
2026-05-17T12:29:05.534-03:00  INFO 9740 --- [TCC] [restartedMain] o.apache.catalina.core.StandardService   : Starting service [Tomcat]
2026-05-17T12:29:05.535-03:00  INFO 9740 --- [TCC] [restartedMain] o.apache.catalina.core.StandardEngine    : Starting Servlet engine: [Apache Tomcat/11.0.20]
2026-05-17T12:29:07.138-03:00  INFO 9740 --- [TCC] [restartedMain] com.zaxxer.hikari.HikariDataSource       : HikariPool-1 - Starting...
2026-05-17T12:29:09.484-03:00  INFO 9740 --- [TCC] [restartedMain] com.example.TCC_Application              : Started TCC_Application in 8.066 seconds (process running for 9.483)
2026-05-17T12:29:09.491-03:00  WARN 9740 --- [TCC] [restartedMain] o.s.core.events.SpringDocAppInitializer  : SpringDoc /v3/api-docs endpoint is enabled by default. To disable it in production, set the property 'springdoc.api-docs.enabled=false'
2026-05-17T12:29:09.492-03:00  WARN 9740 --- [TCC] [restartedMain] o.s.core.events.SpringDocAppInitializer  : SpringDoc /swagger-ui.html endpoint is enabled by default. To disable it in production, set the property 'springdoc.swagger-ui.enabled=false'
2026-05-17T12:29:19.814-03:00  INFO 9740 --- [TCC] [http-nio-8080-exec-1] o.a.c.c.C.[Tomcat].[localhost].[/]       : Initializing Spring DispatcherServlet 'dispatcherServlet'
2026-05-17T12:29:20.474-03:00  WARN 9740 --- [TCC] [http-nio-8080-exec-1] actStandardFragmentInsertionTagProcessor : [THYMELEAF][http-nio-8080-exec-1][subscriptionPage] Deprecated unwrapped fragment expression "fragments/nav :: nav" found in template subscriptionPage, line 66, col 10. Please use the complete syntax of fragment expressions instead ("~{fragments/nav :: nav}"). The old, unwrapped syntax for fragment expressions will be removed in future versions of Thymeleaf.
2026-05-17T12:30:07.255-03:00  WARN 9740 --- [TCC] [http-nio-8080-exec-6] actStandardFragmentInsertionTagProcessor : [THYMELEAF][http-nio-8080-exec-6][subscriptionPage] Deprecated unwrapped fragment expression "fragments/nav :: nav" found in template subscriptionPage, line 66, col 10. Please use the complete syntax of fragment expressions instead ("~{fragments/nav :: nav}"). The old, unwrapped syntax for fragment expressions will be removed in future versions of Thymeleaf.
2026-05-17T12:30:08.702-03:00  WARN 9740 --- [TCC] [http-nio-8080-exec-10] actStandardFragmentInsertionTagProcessor : [THYMELEAF][http-nio-8080-exec-10][subscriptionPage] Deprecated unwrapped fragment expression "fragments/nav :: nav" found in template subscriptionPage, line 66, col 10. Please use the complete syntax of fragment expressions instead ("~{fragments/nav :: nav}"). The old, unwrapped syntax for fragment expressions will be removed in future versions of Thymeleaf.
2026-05-17T12:30:09.252-03:00  WARN 9740 --- [TCC] [http-nio-8080-exec-4] actStandardFragmentInsertionTagProcessor : [THYMELEAF][http-nio-8080-exec-4][subscriptionPage] Deprecated unwrapped fragment expression "fragments/nav :: nav" found in template subscriptionPage, line 66, col 10. Please use the complete syntax of fragment expressions instead ("~{fragments/nav :: nav}"). The old, unwrapped syntax for fragment expressions will be removed in future versions of Thymeleaf.
2026-05-17T12:30:09.668-03:00  WARN 9740 --- [TCC] [http-nio-8080-exec-9] actStandardFragmentInsertionTagProcessor : [THYMELEAF][http-nio-8080-exec-9][subscriptionPage] Deprecated unwrapped fragment expression "fragments/nav :: nav" found in template subscriptionPage, line 66, col 10. Please use the complete syntax of fragment expressions instead ("~{fragments/nav :: nav}"). The old, unwrapped syntax for fragment expressions will be removed in future versions of Thymeleaf.
2026-05-17T12:30:10.205-03:00  WARN 9740 --- [TCC] [http-nio-8080-exec-3] actStandardFragmentInsertionTagProcessor : [THYMELEAF][http-nio-8080-exec-3][subscriptionPage] Deprecated unwrapped fragment expression "fragments/nav :: nav" found in template subscriptionPage, line 66, col 10. Please use the complete syntax of fragment expressions instead ("~{fragments/nav :: nav}"). The old, unwrapped syntax for fragment expressions will be removed in future versions of Thymeleaf.
2026-05-17T12:30:30.804-03:00  WARN 9740 --- [TCC] [http-nio-8080-exec-6] actStandardFragmentInsertionTagProcessor : [THYMELEAF][http-nio-8080-exec-6][subscriptionPage] Deprecated unwrapped fragment expression "fragments/nav :: nav" found in template subscriptionPage, line 66, col 10. Please use the complete syntax of fragment expressions instead ("~{fragments/nav :: nav}"). The old, unwrapped syntax for fragment expressions will be removed in future versions of Thymeleaf.
2026-05-17T12:30:31.347-03:00  WARN 9740 --- [TCC] [http-nio-8080-exec-7] actStandardFragmentInsertionTagProcessor : [THYMELEAF][http-nio-8080-exec-7][subscriptionPage] Deprecated unwrapped fragment expression "fragments/nav :: nav" found in template subscriptionPage, line 66, col 10. Please use the complete syntax of fragment expressions instead ("~{fragments/nav :: nav}"). The old, unwrapped syntax for fragment expressions will be removed in future versions of Thymeleaf.
2026-05-17T12:31:42.867-03:00  WARN 9740 --- [TCC] [http-nio-8080-exec-9] actStandardFragmentInsertionTagProcessor : [THYMELEAF][http-nio-8080-exec-9][subscriptionPage] Deprecated unwrapped fragment expression "fragments/nav :: nav" found in template subscriptionPage, line 66, col 10. Please use the complete syntax of fragment expressions instead ("~{fragments/nav :: nav}"). The old, unwrapped syntax for fragment expressions will be removed in future versions of Thymeleaf.
2026-05-17T12:31:43.369-03:00  WARN 9740 --- [TCC] [http-nio-8080-exec-3] actStandardFragmentInsertionTagProcessor : [THYMELEAF][http-nio-8080-exec-3][subscriptionPage] Deprecated unwrapped fragment expression "fragments/nav :: nav" found in template subscriptionPage, line 66, col 10. Please use the complete syntax of fragment expressions instead ("~{fragments/nav :: nav}"). The old, unwrapped syntax for fragment expressions will be removed in future versions of Thymeleaf.
2026-05-17T12:31:54.405-03:00  WARN 9740 --- [TCC] [http-nio-8080-exec-2] actStandardFragmentInsertionTagProcessor : [THYMELEAF][http-nio-8080-exec-2][subscriptionPage] Deprecated unwrapped fragment expression "fragments/nav :: nav" found in template subscriptionPage, line 66, col 10. Please use the complete syntax of fragment expressions instead ("~{fragments/nav :: nav}"). The old, unwrapped syntax for fragment expressions will be removed in future versions of Thymeleaf.
2026-05-17T12:31:55.173-03:00  WARN 9740 --- [TCC] [http-nio-8080-exec-10] actStandardFragmentInsertionTagProcessor : [THYMELEAF][http-nio-8080-exec-10][subscriptionPage] Deprecated unwrapped fragment expression "fragments/nav :: nav" found in template subscriptionPage, line 66, col 10. Please use the complete syntax of fragment expressions instead ("~{fragments/nav :: nav}"). The old, unwrapped syntax for fragment expressions will be removed in future versions of Thymeleaf.
2026-05-17T12:31:55.468-03:00  WARN 9740 --- [TCC] [http-nio-8080-exec-1] actStandardFragmentInsertionTagProcessor : [THYMELEAF][http-nio-8080-exec-1][subscriptionPage] Deprecated unwrapped fragment expression "fragments/nav :: nav" found in template subscriptionPage, line 66, col 10. Please use the complete syntax of fragment expressions instead ("~{fragments/nav :: nav}"). The old, unwrapped syntax for fragment expressions will be removed in future versions of Thymeleaf.
2026-05-17T12:31:55.743-03:00  WARN 9740 --- [TCC] [http-nio-8080-exec-8] actStandardFragmentInsertionTagProcessor : [THYMELEAF][http-nio-8080-exec-8][subscriptionPage] Deprecated unwrapped fragment expression "fragments/nav :: nav" found in template subscriptionPage, line 66, col 10. Please use the complete syntax of fragment expressions instead ("~{fragments/nav :: nav}"). The old, unwrapped syntax for fragment expressions will be removed in future versions of Thymeleaf.
2026-05-17T12:31:55.974-03:00  WARN 9740 --- [TCC] [http-nio-8080-exec-7] actStandardFragmentInsertionTagProcessor : [THYMELEAF][http-nio-8080-exec-7][subscriptionPage] Deprecated unwrapped fragment expression "fragments/nav :: nav" found in template subscriptionPage, line 66, col 10. Please use the complete syntax of fragment expressions instead ("~{fragments/nav :: nav}"). The old, unwrapped syntax for fragment expressions will be removed in future versions of Thymeleaf.
2026-05-17T12:31:56.232-03:00  WARN 9740 --- [TCC] [http-nio-8080-exec-2] actStandardFragmentInsertionTagProcessor : [THYMELEAF][http-nio-8080-exec-2][subscriptionPage] Deprecated unwrapped fragment expression "fragments/nav :: nav" found in template subscriptionPage, line 66, col 10. Please use the complete syntax of fragment expressions instead ("~{fragments/nav :: nav}"). The old, unwrapped syntax for fragment expressions will be removed in future versions of Thymeleaf.
2026-05-17T12:31:56.500-03:00  WARN 9740 --- [TCC] [http-nio-8080-exec-10] actStandardFragmentInsertionTagProcessor : [THYMELEAF][http-nio-8080-exec-10][subscriptionPage] Deprecated unwrapped fragment expression "fragments/nav :: nav" found in template subscriptionPage, line 66, col 10. Please use the complete syntax of fragment expressions instead ("~{fragments/nav :: nav}"). The old, unwrapped syntax for fragment expressions will be removed in future versions of Thymeleaf.
2026-05-17T12:32:12.662-03:00  INFO 9740 --- [TCC] [restartedMain] com.example.TCC_Application              : Starting TCC_Application using Java 23 with PID 9740 (C:\Users\eddie\OneDrive\Documentos\.git\TCC-UMC\TCC\target\classes started by eddie in C:\Users\eddie\OneDrive\Documentos\.git\TCC-UMC)
2026-05-17T12:32:12.664-03:00  INFO 9740 --- [TCC] [restartedMain] com.example.TCC_Application              : No active profile set, falling back to 1 default profile: "default"
2026-05-17T12:32:13.227-03:00  INFO 9740 --- [TCC] [restartedMain] o.apache.catalina.core.StandardService   : Starting service [Tomcat]
2026-05-17T12:32:13.227-03:00  INFO 9740 --- [TCC] [restartedMain] o.apache.catalina.core.StandardEngine    : Starting Servlet engine: [Apache Tomcat/11.0.20]
2026-05-17T12:32:13.402-03:00  INFO 9740 --- [TCC] [restartedMain] com.zaxxer.hikari.HikariDataSource       : HikariPool-2 - Starting...
2026-05-17T12:32:13.793-03:00  INFO 9740 --- [TCC] [restartedMain] com.example.TCC_Application              : Started TCC_Application in 1.201 seconds (process running for 193.792)
2026-05-17T12:32:13.795-03:00  WARN 9740 --- [TCC] [restartedMain] o.s.core.events.SpringDocAppInitializer  : SpringDoc /v3/api-docs endpoint is enabled by default. To disable it in production, set the property 'springdoc.api-docs.enabled=false'
2026-05-17T12:32:13.795-03:00  WARN 9740 --- [TCC] [restartedMain] o.s.core.events.SpringDocAppInitializer  : SpringDoc /swagger-ui.html endpoint is enabled by default. To disable it in production, set the property 'springdoc.swagger-ui.enabled=false'
2026-05-17T12:32:16.767-03:00  INFO 9740 --- [TCC] [restartedMain] com.example.TCC_Application              : Starting TCC_Application using Java 23 with PID 9740 (C:\Users\eddie\OneDrive\Documentos\.git\TCC-UMC\TCC\target\classes started by eddie in C:\Users\eddie\OneDrive\Documentos\.git\TCC-UMC)
2026-05-17T12:32:16.767-03:00  INFO 9740 --- [TCC] [restartedMain] com.example.TCC_Application              : No active profile set, falling back to 1 default profile: "default"
2026-05-17T12:32:17.215-03:00  INFO 9740 --- [TCC] [restartedMain] o.apache.catalina.core.StandardService   : Starting service [Tomcat]
2026-05-17T12:32:17.216-03:00  INFO 9740 --- [TCC] [restartedMain] o.apache.catalina.core.StandardEngine    : Starting Servlet engine: [Apache Tomcat/11.0.20]
2026-05-17T12:32:17.356-03:00  INFO 9740 --- [TCC] [restartedMain] com.zaxxer.hikari.HikariDataSource       : HikariPool-3 - Starting...
2026-05-17T12:32:17.707-03:00  INFO 9740 --- [TCC] [restartedMain] com.example.TCC_Application              : Started TCC_Application in 0.99 seconds (process running for 197.706)
2026-05-17T12:32:17.708-03:00  WARN 9740 --- [TCC] [restartedMain] o.s.core.events.SpringDocAppInitializer  : SpringDoc /v3/api-docs endpoint is enabled by default. To disable it in production, set the property 'springdoc.api-docs.enabled=false'
2026-05-17T12:32:17.708-03:00  WARN 9740 --- [TCC] [restartedMain] o.s.core.events.SpringDocAppInitializer  : SpringDoc /swagger-ui.html endpoint is enabled by default. To disable it in production, set the property 'springdoc.swagger-ui.enabled=false'
2026-05-17T12:32:30.301-03:00  INFO 9740 --- [TCC] [http-nio-8080-exec-2] o.a.c.c.C.[Tomcat-1].[localhost].[/]     : Initializing Spring DispatcherServlet 'dispatcherServlet'
2026-05-17T12:32:30.331-03:00  WARN 9740 --- [TCC] [http-nio-8080-exec-2] actStandardFragmentInsertionTagProcessor : [THYMELEAF][http-nio-8080-exec-2][subscriptionPage] Deprecated unwrapped fragment expression "fragments/nav :: nav" found in template subscriptionPage, line 66, col 10. Please use the complete syntax of fragment expressions instead ("~{fragments/nav :: nav}"). The old, unwrapped syntax for fragment expressions will be removed in future versions of Thymeleaf.
2026-05-17T12:32:31.352-03:00  WARN 9740 --- [TCC] [http-nio-8080-exec-5] actStandardFragmentInsertionTagProcessor : [THYMELEAF][http-nio-8080-exec-5][subscriptionPage] Deprecated unwrapped fragment expression "fragments/nav :: nav" found in template subscriptionPage, line 66, col 10. Please use the complete syntax of fragment expressions instead ("~{fragments/nav :: nav}"). The old, unwrapped syntax for fragment expressions will be removed in future versions of Thymeleaf.
2026-05-17T12:37:02.499-03:00  INFO 9740 --- [TCC] [restartedMain] com.example.TCC_Application              : Starting TCC_Application using Java 23 with PID 9740 (C:\Users\eddie\OneDrive\Documentos\.git\TCC-UMC\TCC\target\classes started by eddie in C:\Users\eddie\OneDrive\Documentos\.git\TCC-UMC)
2026-05-17T12:37:02.500-03:00  INFO 9740 --- [TCC] [restartedMain] com.example.TCC_Application              : No active profile set, falling back to 1 default profile: "default"
2026-05-17T12:37:02.914-03:00  INFO 9740 --- [TCC] [restartedMain] o.apache.catalina.core.StandardService   : Starting service [Tomcat]
2026-05-17T12:37:02.916-03:00  INFO 9740 --- [TCC] [restartedMain] o.apache.catalina.core.StandardEngine    : Starting Servlet engine: [Apache Tomcat/11.0.20]
2026-05-17T12:37:03.118-03:00  INFO 9740 --- [TCC] [restartedMain] com.zaxxer.hikari.HikariDataSource       : HikariPool-4 - Starting...
2026-05-17T12:37:03.475-03:00  INFO 9740 --- [TCC] [restartedMain] com.example.TCC_Application              : Started TCC_Application in 1.021 seconds (process running for 483.474)
2026-05-17T12:37:03.476-03:00  WARN 9740 --- [TCC] [restartedMain] o.s.core.events.SpringDocAppInitializer  : SpringDoc /v3/api-docs endpoint is enabled by default. To disable it in production, set the property 'springdoc.api-docs.enabled=false'
2026-05-17T12:37:03.478-03:00  WARN 9740 --- [TCC] [restartedMain] o.s.core.events.SpringDocAppInitializer  : SpringDoc /swagger-ui.html endpoint is enabled by default. To disable it in production, set the property 'springdoc.swagger-ui.enabled=false'
2026-05-17T12:37:07.017-03:00  INFO 9740 --- [TCC] [restartedMain] com.example.TCC_Application              : Starting TCC_Application using Java 23 with PID 9740 (C:\Users\eddie\OneDrive\Documentos\.git\TCC-UMC\TCC\target\classes started by eddie in C:\Users\eddie\OneDrive\Documentos\.git\TCC-UMC)
2026-05-17T12:37:07.017-03:00  INFO 9740 --- [TCC] [restartedMain] com.example.TCC_Application              : No active profile set, falling back to 1 default profile: "default"
2026-05-17T12:37:07.566-03:00  INFO 9740 --- [TCC] [restartedMain] o.apache.catalina.core.StandardService   : Starting service [Tomcat]
2026-05-17T12:37:07.566-03:00  INFO 9740 --- [TCC] [restartedMain] o.apache.catalina.core.StandardEngine    : Starting Servlet engine: [Apache Tomcat/11.0.20]
2026-05-17T12:37:07.760-03:00  INFO 9740 --- [TCC] [restartedMain] com.zaxxer.hikari.HikariDataSource       : HikariPool-5 - Starting...
2026-05-17T12:37:08.351-03:00  INFO 9740 --- [TCC] [restartedMain] com.example.TCC_Application              : Started TCC_Application in 1.39 seconds (process running for 488.351)
2026-05-17T12:37:08.356-03:00  WARN 9740 --- [TCC] [restartedMain] o.s.core.events.SpringDocAppInitializer  : SpringDoc /v3/api-docs endpoint is enabled by default. To disable it in production, set the property 'springdoc.api-docs.enabled=false'
2026-05-17T12:37:08.363-03:00  WARN 9740 --- [TCC] [restartedMain] o.s.core.events.SpringDocAppInitializer  : SpringDoc /swagger-ui.html endpoint is enabled by default. To disable it in production, set the property 'springdoc.swagger-ui.enabled=false'
2026-05-17T12:37:11.702-03:00  INFO 9740 --- [TCC] [http-nio-8080-exec-3] o.a.c.c.C.[Tomcat-2].[localhost].[/]     : Initializing Spring DispatcherServlet 'dispatcherServlet'
2026-05-17T12:37:11.727-03:00  WARN 9740 --- [TCC] [http-nio-8080-exec-3] actStandardFragmentInsertionTagProcessor : [THYMELEAF][http-nio-8080-exec-3][subscriptionPage] Deprecated unwrapped fragment expression "fragments/nav :: nav" found in template subscriptionPage, line 66, col 10. Please use the complete syntax of fragment expressions instead ("~{fragments/nav :: nav}"). The old, unwrapped syntax for fragment expressions will be removed in future versions of Thymeleaf.
2026-05-17T12:37:20.126-03:00  WARN 9740 --- [TCC] [http-nio-8080-exec-1] actStandardFragmentInsertionTagProcessor : [THYMELEAF][http-nio-8080-exec-1][index] Deprecated unwrapped fragment expression "fragments/nav :: nav" found in template index, line 11, col 6. Please use the complete syntax of fragment expressions instead ("~{fragments/nav :: nav}"). The old, unwrapped syntax for fragment expressions will be removed in future versions of Thymeleaf.
2026-05-17T12:37:21.123-03:00  WARN 9740 --- [TCC] [http-nio-8080-exec-9] actStandardFragmentInsertionTagProcessor : [THYMELEAF][http-nio-8080-exec-9][loginPage] Deprecated unwrapped fragment expression "fragments/nav :: nav" found in template loginPage, line 12, col 6. Please use the complete syntax of fragment expressions instead ("~{fragments/nav :: nav}"). The old, unwrapped syntax for fragment expressions will be removed in future versions of Thymeleaf.
2026-05-17T12:38:00.013-03:00  WARN 9740 --- [TCC] [http-nio-8080-exec-5] actStandardFragmentInsertionTagProcessor : [THYMELEAF][http-nio-8080-exec-5][loginPage] Deprecated unwrapped fragment expression "fragments/nav :: nav" found in template loginPage, line 12, col 6. Please use the complete syntax of fragment expressions instead ("~{fragments/nav :: nav}"). The old, unwrapped syntax for fragment expressions will be removed in future versions of Thymeleaf.
2026-05-17T12:38:01.890-03:00  WARN 9740 --- [TCC] [http-nio-8080-exec-4] actStandardFragmentInsertionTagProcessor : [THYMELEAF][http-nio-8080-exec-4][subscriptionPage] Deprecated unwrapped fragment expression "fragments/nav :: nav" found in template subscriptionPage, line 66, col 10. Please use the complete syntax of fragment expressions instead ("~{fragments/nav :: nav}"). The old, unwrapped syntax for fragment expressions will be removed in future versions of Thymeleaf.
2026-05-17T12:38:23.342-03:00  WARN 9740 --- [TCC] [http-nio-8080-exec-5] actStandardFragmentInsertionTagProcessor : [THYMELEAF][http-nio-8080-exec-5][loginPage] Deprecated unwrapped fragment expression "fragments/nav :: nav" found in template loginPage, line 12, col 6. Please use the complete syntax of fragment expressions instead ("~{fragments/nav :: nav}"). The old, unwrapped syntax for fragment expressions will be removed in future versions of Thymeleaf.
2026-05-17T12:38:36.861-03:00  INFO 9740 --- [TCC] [http-nio-8080-exec-4] com.zaxxer.hikari.HikariDataSource       : HikariPool-5 - Starting...
2026-05-17T12:38:36.869-03:00 ERROR 9740 --- [TCC] [http-nio-8080-exec-4] o.a.c.c.C.[.[.[/].[dispatcherServlet]    : Servlet.service() for servlet [dispatcherServlet] in context with path [] threw exception [Request processing failed: java.lang.RuntimeException: Driver org.postgresql.Driver claims to not accept jdbcUrl, ${DB_URL}] with root cause

java.lang.RuntimeException: Driver org.postgresql.Driver claims to not accept jdbcUrl, ${DB_URL}
	at com.zaxxer.hikari.util.DriverDataSource.<init>(DriverDataSource.java:116) ~[HikariCP-7.0.2.jar:na]
	at com.zaxxer.hikari.pool.PoolBase.initializeDataSource(PoolBase.java:336) ~[HikariCP-7.0.2.jar:na]
	at com.zaxxer.hikari.pool.PoolBase.<init>(PoolBase.java:121) ~[HikariCP-7.0.2.jar:na]
	at com.zaxxer.hikari.pool.HikariPool.<init>(HikariPool.java:90) ~[HikariCP-7.0.2.jar:na]
	at com.zaxxer.hikari.HikariDataSource.getConnection(HikariDataSource.java:111) ~[HikariCP-7.0.2.jar:na]
	at com.example.DAO.usuarioDAO.QueryLoginUsuario(usuarioDAO.java:49) ~[classes/:na]
	at java.base/jdk.internal.reflect.DirectMethodHandleAccessor.invoke(DirectMethodHandleAccessor.java:103) ~[na:na]
	at java.base/java.lang.reflect.Method.invoke(Method.java:580) ~[na:na]
	at org.springframework.aop.support.AopUtils.invokeJoinpointUsingReflection(AopUtils.java:359) ~[spring-aop-7.0.6.jar:7.0.6]
	at org.springframework.aop.framework.ReflectiveMethodInvocation.invokeJoinpoint(ReflectiveMethodInvocation.java:190) ~[spring-aop-7.0.6.jar:7.0.6]
	at org.springframework.aop.framework.ReflectiveMethodInvocation.proceed(ReflectiveMethodInvocation.java:158) ~[spring-aop-7.0.6.jar:7.0.6]
	at org.springframework.dao.support.PersistenceExceptionTranslationInterceptor.invoke(PersistenceExceptionTranslationInterceptor.java:135) ~[spring-tx-7.0.6.jar:7.0.6]
	at org.springframework.aop.framework.ReflectiveMethodInvocation.proceed(ReflectiveMethodInvocation.java:179) ~[spring-aop-7.0.6.jar:7.0.6]
	at org.springframework.aop.framework.CglibAopProxy$DynamicAdvisedInterceptor.intercept(CglibAopProxy.java:719) ~[spring-aop-7.0.6.jar:7.0.6]
	at com.example.DAO.usuarioDAO$$SpringCGLIB$$0.QueryLoginUsuario(<generated>) ~[classes/:na]
	at com.example.controller.LoginPageController.fazerLogin(LoginPageController.java:67) ~[classes/:na]
	at java.base/jdk.internal.reflect.DirectMethodHandleAccessor.invoke(DirectMethodHandleAccessor.java:103) ~[na:na]
	at java.base/java.lang.reflect.Method.invoke(Method.java:580) ~[na:na]
	at org.springframework.web.method.support.InvocableHandlerMethod.doInvoke(InvocableHandlerMethod.java:252) ~[spring-web-7.0.6.jar:7.0.6]
	at org.springframework.web.method.support.InvocableHandlerMethod.invokeForRequest(InvocableHandlerMethod.java:184) ~[spring-web-7.0.6.jar:7.0.6]
	at org.springframework.web.servlet.mvc.method.annotation.ServletInvocableHandlerMethod.invokeAndHandle(ServletInvocableHandlerMethod.java:117) ~[spring-webmvc-7.0.6.jar:7.0.6]
	at org.springframework.web.servlet.mvc.method.annotation.RequestMappingHandlerAdapter.invokeHandlerMethod(RequestMappingHandlerAdapter.java:934) ~[spring-webmvc-7.0.6.jar:7.0.6]
	at org.springframework.web.servlet.mvc.method.annotation.RequestMappingHandlerAdapter.handleInternal(RequestMappingHandlerAdapter.java:853) ~[spring-webmvc-7.0.6.jar:7.0.6]
	at org.springframework.web.servlet.mvc.method.AbstractHandlerMethodAdapter.handle(AbstractHandlerMethodAdapter.java:86) ~[spring-webmvc-7.0.6.jar:7.0.6]
	at org.springframework.web.servlet.DispatcherServlet.doDispatch(DispatcherServlet.java:963) ~[spring-webmvc-7.0.6.jar:7.0.6]
	at org.springframework.web.servlet.DispatcherServlet.doService(DispatcherServlet.java:866) ~[spring-webmvc-7.0.6.jar:7.0.6]
	at org.springframework.web.servlet.FrameworkServlet.processRequest(FrameworkServlet.java:1000) ~[spring-webmvc-7.0.6.jar:7.0.6]
	at org.springframework.web.servlet.FrameworkServlet.doPost(FrameworkServlet.java:903) ~[spring-webmvc-7.0.6.jar:7.0.6]
	at jakarta.servlet.http.HttpServlet.service(HttpServlet.java:649) ~[tomcat-embed-core-11.0.20.jar:6.1]
	at org.springframework.web.servlet.FrameworkServlet.service(FrameworkServlet.java:874) ~[spring-webmvc-7.0.6.jar:7.0.6]
	at jakarta.servlet.http.HttpServlet.service(HttpServlet.java:710) ~[tomcat-embed-core-11.0.20.jar:6.1]
	at org.apache.catalina.core.ApplicationFilterChain.doFilter(ApplicationFilterChain.java:128) ~[tomcat-embed-core-11.0.20.jar:11.0.20]
	at org.apache.tomcat.websocket.server.WsFilter.doFilter(WsFilter.java:53) ~[tomcat-embed-websocket-11.0.20.jar:11.0.20]
	at org.apache.catalina.core.ApplicationFilterChain.doFilter(ApplicationFilterChain.java:107) ~[tomcat-embed-core-11.0.20.jar:11.0.20]
	at org.springframework.web.servlet.resource.ResourceUrlEncodingFilter.doFilter(ResourceUrlEncodingFilter.java:66) ~[spring-webmvc-7.0.6.jar:7.0.6]
	at org.apache.catalina.core.ApplicationFilterChain.doFilter(ApplicationFilterChain.java:107) ~[tomcat-embed-core-11.0.20.jar:11.0.20]
	at org.springframework.web.filter.RequestContextFilter.doFilterInternal(RequestContextFilter.java:100) ~[spring-web-7.0.6.jar:7.0.6]
	at org.springframework.web.filter.OncePerRequestFilter.doFilter(OncePerRequestFilter.java:116) ~[spring-web-7.0.6.jar:7.0.6]
	at org.apache.catalina.core.ApplicationFilterChain.doFilter(ApplicationFilterChain.java:107) ~[tomcat-embed-core-11.0.20.jar:11.0.20]
	at org.springframework.web.filter.FormContentFilter.doFilterInternal(FormContentFilter.java:93) ~[spring-web-7.0.6.jar:7.0.6]
	at org.springframework.web.filter.OncePerRequestFilter.doFilter(OncePerRequestFilter.java:116) ~[spring-web-7.0.6.jar:7.0.6]
	at org.apache.catalina.core.ApplicationFilterChain.doFilter(ApplicationFilterChain.java:107) ~[tomcat-embed-core-11.0.20.jar:11.0.20]
	at org.springframework.web.filter.CharacterEncodingFilter.doFilterInternal(CharacterEncodingFilter.java:199) ~[spring-web-7.0.6.jar:7.0.6]
	at org.springframework.web.filter.OncePerRequestFilter.doFilter(OncePerRequestFilter.java:116) ~[spring-web-7.0.6.jar:7.0.6]
	at org.apache.catalina.core.ApplicationFilterChain.doFilter(ApplicationFilterChain.java:107) ~[tomcat-embed-core-11.0.20.jar:11.0.20]
	at org.apache.catalina.core.StandardWrapperValve.invoke(StandardWrapperValve.java:165) ~[tomcat-embed-core-11.0.20.jar:11.0.20]
	at org.apache.catalina.core.StandardContextValve.invoke(StandardContextValve.java:77) ~[tomcat-embed-core-11.0.20.jar:11.0.20]
	at org.apache.catalina.authenticator.AuthenticatorBase.invoke(AuthenticatorBase.java:492) ~[tomcat-embed-core-11.0.20.jar:11.0.20]
	at org.apache.catalina.core.StandardHostValve.invoke(StandardHostValve.java:113) ~[tomcat-embed-core-11.0.20.jar:11.0.20]
	at org.apache.catalina.valves.ErrorReportValve.invoke(ErrorReportValve.java:83) ~[tomcat-embed-core-11.0.20.jar:11.0.20]
	at org.apache.catalina.core.StandardEngineValve.invoke(StandardEngineValve.java:72) ~[tomcat-embed-core-11.0.20.jar:11.0.20]
	at org.apache.catalina.connector.CoyoteAdapter.service(CoyoteAdapter.java:341) ~[tomcat-embed-core-11.0.20.jar:11.0.20]
	at org.apache.coyote.http11.Http11Processor.service(Http11Processor.java:397) ~[tomcat-embed-core-11.0.20.jar:11.0.20]
	at org.apache.coyote.AbstractProcessorLight.process(AbstractProcessorLight.java:63) ~[tomcat-embed-core-11.0.20.jar:11.0.20]
	at org.apache.coyote.AbstractProtocol$ConnectionHandler.process(AbstractProtocol.java:903) ~[tomcat-embed-core-11.0.20.jar:11.0.20]
	at org.apache.tomcat.util.net.NioEndpoint$SocketProcessor.doRun(NioEndpoint.java:1779) ~[tomcat-embed-core-11.0.20.jar:11.0.20]
	at org.apache.tomcat.util.net.SocketProcessorBase.run(SocketProcessorBase.java:52) ~[tomcat-embed-core-11.0.20.jar:11.0.20]
	at org.apache.tomcat.util.threads.ThreadPoolExecutor.runWorker(ThreadPoolExecutor.java:946) ~[tomcat-embed-core-11.0.20.jar:11.0.20]
	at org.apache.tomcat.util.threads.ThreadPoolExecutor$Worker.run(ThreadPoolExecutor.java:480) ~[tomcat-embed-core-11.0.20.jar:11.0.20]
	at org.apache.tomcat.util.threads.TaskThread$WrappingRunnable.run(TaskThread.java:57) ~[tomcat-embed-core-11.0.20.jar:11.0.20]
	at java.base/java.lang.Thread.run(Thread.java:1575) ~[na:na]

2026-05-17T12:38:48.161-03:00  WARN 9740 --- [TCC] [http-nio-8080-exec-5] actStandardFragmentInsertionTagProcessor : [THYMELEAF][http-nio-8080-exec-5][subscriptionPage] Deprecated unwrapped fragment expression "fragments/nav :: nav" found in template subscriptionPage, line 66, col 10. Please use the complete syntax of fragment expressions instead ("~{fragments/nav :: nav}"). The old, unwrapped syntax for fragment expressions will be removed in future versions of Thymeleaf.
2026-05-17T12:39:08.418-03:00  INFO 9740 --- [TCC] [http-nio-8080-exec-4] com.zaxxer.hikari.HikariDataSource       : HikariPool-5 - Starting...
2026-05-17T12:39:08.422-03:00 ERROR 9740 --- [TCC] [http-nio-8080-exec-4] o.a.c.c.C.[.[.[/].[dispatcherServlet]    : Servlet.service() for servlet [dispatcherServlet] in context with path [] threw exception [Request processing failed: java.lang.RuntimeException: Driver org.postgresql.Driver claims to not accept jdbcUrl, ${DB_URL}] with root cause

java.lang.RuntimeException: Driver org.postgresql.Driver claims to not accept jdbcUrl, ${DB_URL}
	at com.zaxxer.hikari.util.DriverDataSource.<init>(DriverDataSource.java:116) ~[HikariCP-7.0.2.jar:na]
	at com.zaxxer.hikari.pool.PoolBase.initializeDataSource(PoolBase.java:336) ~[HikariCP-7.0.2.jar:na]
	at com.zaxxer.hikari.pool.PoolBase.<init>(PoolBase.java:121) ~[HikariCP-7.0.2.jar:na]
	at com.zaxxer.hikari.pool.HikariPool.<init>(HikariPool.java:90) ~[HikariCP-7.0.2.jar:na]
	at com.zaxxer.hikari.HikariDataSource.getConnection(HikariDataSource.java:111) ~[HikariCP-7.0.2.jar:na]
	at com.example.DAO.usuarioDAO.InsertCadastroIntoBD(usuarioDAO.java:22) ~[classes/:na]
	at java.base/jdk.internal.reflect.DirectMethodHandleAccessor.invoke(DirectMethodHandleAccessor.java:103) ~[na:na]
	at java.base/java.lang.reflect.Method.invoke(Method.java:580) ~[na:na]
	at org.springframework.aop.support.AopUtils.invokeJoinpointUsingReflection(AopUtils.java:359) ~[spring-aop-7.0.6.jar:7.0.6]
	at org.springframework.aop.framework.ReflectiveMethodInvocation.invokeJoinpoint(ReflectiveMethodInvocation.java:190) ~[spring-aop-7.0.6.jar:7.0.6]
	at org.springframework.aop.framework.ReflectiveMethodInvocation.proceed(ReflectiveMethodInvocation.java:158) ~[spring-aop-7.0.6.jar:7.0.6]
	at org.springframework.dao.support.PersistenceExceptionTranslationInterceptor.invoke(PersistenceExceptionTranslationInterceptor.java:135) ~[spring-tx-7.0.6.jar:7.0.6]
	at org.springframework.aop.framework.ReflectiveMethodInvocation.proceed(ReflectiveMethodInvocation.java:179) ~[spring-aop-7.0.6.jar:7.0.6]
	at org.springframework.aop.framework.CglibAopProxy$DynamicAdvisedInterceptor.intercept(CglibAopProxy.java:719) ~[spring-aop-7.0.6.jar:7.0.6]
	at com.example.DAO.usuarioDAO$$SpringCGLIB$$0.InsertCadastroIntoBD(<generated>) ~[classes/:na]
	at com.example.controller.SubscriptionPageController.registrar(SubscriptionPageController.java:44) ~[classes/:na]
	at java.base/jdk.internal.reflect.DirectMethodHandleAccessor.invoke(DirectMethodHandleAccessor.java:103) ~[na:na]
	at java.base/java.lang.reflect.Method.invoke(Method.java:580) ~[na:na]
	at org.springframework.web.method.support.InvocableHandlerMethod.doInvoke(InvocableHandlerMethod.java:252) ~[spring-web-7.0.6.jar:7.0.6]
	at org.springframework.web.method.support.InvocableHandlerMethod.invokeForRequest(InvocableHandlerMethod.java:184) ~[spring-web-7.0.6.jar:7.0.6]
	at org.springframework.web.servlet.mvc.method.annotation.ServletInvocableHandlerMethod.invokeAndHandle(ServletInvocableHandlerMethod.java:117) ~[spring-webmvc-7.0.6.jar:7.0.6]
	at org.springframework.web.servlet.mvc.method.annotation.RequestMappingHandlerAdapter.invokeHandlerMethod(RequestMappingHandlerAdapter.java:934) ~[spring-webmvc-7.0.6.jar:7.0.6]
	at org.springframework.web.servlet.mvc.method.annotation.RequestMappingHandlerAdapter.handleInternal(RequestMappingHandlerAdapter.java:853) ~[spring-webmvc-7.0.6.jar:7.0.6]
	at org.springframework.web.servlet.mvc.method.AbstractHandlerMethodAdapter.handle(AbstractHandlerMethodAdapter.java:86) ~[spring-webmvc-7.0.6.jar:7.0.6]
	at org.springframework.web.servlet.DispatcherServlet.doDispatch(DispatcherServlet.java:963) ~[spring-webmvc-7.0.6.jar:7.0.6]
	at org.springframework.web.servlet.DispatcherServlet.doService(DispatcherServlet.java:866) ~[spring-webmvc-7.0.6.jar:7.0.6]
	at org.springframework.web.servlet.FrameworkServlet.processRequest(FrameworkServlet.java:1000) ~[spring-webmvc-7.0.6.jar:7.0.6]
	at org.springframework.web.servlet.FrameworkServlet.doPost(FrameworkServlet.java:903) ~[spring-webmvc-7.0.6.jar:7.0.6]
	at jakarta.servlet.http.HttpServlet.service(HttpServlet.java:649) ~[tomcat-embed-core-11.0.20.jar:6.1]
	at org.springframework.web.servlet.FrameworkServlet.service(FrameworkServlet.java:874) ~[spring-webmvc-7.0.6.jar:7.0.6]
	at jakarta.servlet.http.HttpServlet.service(HttpServlet.java:710) ~[tomcat-embed-core-11.0.20.jar:6.1]
	at org.apache.catalina.core.ApplicationFilterChain.doFilter(ApplicationFilterChain.java:128) ~[tomcat-embed-core-11.0.20.jar:11.0.20]
	at org.apache.tomcat.websocket.server.WsFilter.doFilter(WsFilter.java:53) ~[tomcat-embed-websocket-11.0.20.jar:11.0.20]
	at org.apache.catalina.core.ApplicationFilterChain.doFilter(ApplicationFilterChain.java:107) ~[tomcat-embed-core-11.0.20.jar:11.0.20]
	at org.springframework.web.servlet.resource.ResourceUrlEncodingFilter.doFilter(ResourceUrlEncodingFilter.java:66) ~[spring-webmvc-7.0.6.jar:7.0.6]
	at org.apache.catalina.core.ApplicationFilterChain.doFilter(ApplicationFilterChain.java:107) ~[tomcat-embed-core-11.0.20.jar:11.0.20]
	at org.springframework.web.filter.RequestContextFilter.doFilterInternal(RequestContextFilter.java:100) ~[spring-web-7.0.6.jar:7.0.6]
	at org.springframework.web.filter.OncePerRequestFilter.doFilter(OncePerRequestFilter.java:116) ~[spring-web-7.0.6.jar:7.0.6]
	at org.apache.catalina.core.ApplicationFilterChain.doFilter(ApplicationFilterChain.java:107) ~[tomcat-embed-core-11.0.20.jar:11.0.20]
	at org.springframework.web.filter.FormContentFilter.doFilterInternal(FormContentFilter.java:93) ~[spring-web-7.0.6.jar:7.0.6]
	at org.springframework.web.filter.OncePerRequestFilter.doFilter(OncePerRequestFilter.java:116) ~[spring-web-7.0.6.jar:7.0.6]
	at org.apache.catalina.core.ApplicationFilterChain.doFilter(ApplicationFilterChain.java:107) ~[tomcat-embed-core-11.0.20.jar:11.0.20]
	at org.springframework.web.filter.CharacterEncodingFilter.doFilterInternal(CharacterEncodingFilter.java:199) ~[spring-web-7.0.6.jar:7.0.6]
	at org.springframework.web.filter.OncePerRequestFilter.doFilter(OncePerRequestFilter.java:116) ~[spring-web-7.0.6.jar:7.0.6]
	at org.apache.catalina.core.ApplicationFilterChain.doFilter(ApplicationFilterChain.java:107) ~[tomcat-embed-core-11.0.20.jar:11.0.20]
	at org.apache.catalina.core.StandardWrapperValve.invoke(StandardWrapperValve.java:165) ~[tomcat-embed-core-11.0.20.jar:11.0.20]
	at org.apache.catalina.core.StandardContextValve.invoke(StandardContextValve.java:77) ~[tomcat-embed-core-11.0.20.jar:11.0.20]
	at org.apache.catalina.authenticator.AuthenticatorBase.invoke(AuthenticatorBase.java:492) ~[tomcat-embed-core-11.0.20.jar:11.0.20]
	at org.apache.catalina.core.StandardHostValve.invoke(StandardHostValve.java:113) ~[tomcat-embed-core-11.0.20.jar:11.0.20]
	at org.apache.catalina.valves.ErrorReportValve.invoke(ErrorReportValve.java:83) ~[tomcat-embed-core-11.0.20.jar:11.0.20]
	at org.apache.catalina.core.StandardEngineValve.invoke(StandardEngineValve.java:72) ~[tomcat-embed-core-11.0.20.jar:11.0.20]
	at org.apache.catalina.connector.CoyoteAdapter.service(CoyoteAdapter.java:341) ~[tomcat-embed-core-11.0.20.jar:11.0.20]
	at org.apache.coyote.http11.Http11Processor.service(Http11Processor.java:397) ~[tomcat-embed-core-11.0.20.jar:11.0.20]
	at org.apache.coyote.AbstractProcessorLight.process(AbstractProcessorLight.java:63) ~[tomcat-embed-core-11.0.20.jar:11.0.20]
	at org.apache.coyote.AbstractProtocol$ConnectionHandler.process(AbstractProtocol.java:903) ~[tomcat-embed-core-11.0.20.jar:11.0.20]
	at org.apache.tomcat.util.net.NioEndpoint$SocketProcessor.doRun(NioEndpoint.java:1779) ~[tomcat-embed-core-11.0.20.jar:11.0.20]
	at org.apache.tomcat.util.net.SocketProcessorBase.run(SocketProcessorBase.java:52) ~[tomcat-embed-core-11.0.20.jar:11.0.20]
	at org.apache.tomcat.util.threads.ThreadPoolExecutor.runWorker(ThreadPoolExecutor.java:946) ~[tomcat-embed-core-11.0.20.jar:11.0.20]
	at org.apache.tomcat.util.threads.ThreadPoolExecutor$Worker.run(ThreadPoolExecutor.java:480) ~[tomcat-embed-core-11.0.20.jar:11.0.20]
	at org.apache.tomcat.util.threads.TaskThread$WrappingRunnable.run(TaskThread.java:57) ~[tomcat-embed-core-11.0.20.jar:11.0.20]
	at java.base/java.lang.Thread.run(Thread.java:1575) ~[na:na]

2026-05-17T12:40:11.019-03:00  WARN 9740 --- [TCC] [http-nio-8080-exec-9] actStandardFragmentInsertionTagProcessor : [THYMELEAF][http-nio-8080-exec-9][loginPage] Deprecated unwrapped fragment expression "fragments/nav :: nav" found in template loginPage, line 12, col 6. Please use the complete syntax of fragment expressions instead ("~{fragments/nav :: nav}"). The old, unwrapped syntax for fragment expressions will be removed in future versions of Thymeleaf.
2026-05-17T12:40:17.889-03:00  INFO 9740 --- [TCC] [http-nio-8080-exec-8] com.zaxxer.hikari.HikariDataSource       : HikariPool-5 - Starting...
2026-05-17T12:40:17.891-03:00 ERROR 9740 --- [TCC] [http-nio-8080-exec-8] o.a.c.c.C.[.[.[/].[dispatcherServlet]    : Servlet.service() for servlet [dispatcherServlet] in context with path [] threw exception [Request processing failed: java.lang.RuntimeException: Driver org.postgresql.Driver claims to not accept jdbcUrl, ${DB_URL}] with root cause

java.lang.RuntimeException: Driver org.postgresql.Driver claims to not accept jdbcUrl, ${DB_URL}
	at com.zaxxer.hikari.util.DriverDataSource.<init>(DriverDataSource.java:116) ~[HikariCP-7.0.2.jar:na]
	at com.zaxxer.hikari.pool.PoolBase.initializeDataSource(PoolBase.java:336) ~[HikariCP-7.0.2.jar:na]
	at com.zaxxer.hikari.pool.PoolBase.<init>(PoolBase.java:121) ~[HikariCP-7.0.2.jar:na]
	at com.zaxxer.hikari.pool.HikariPool.<init>(HikariPool.java:90) ~[HikariCP-7.0.2.jar:na]
	at com.zaxxer.hikari.HikariDataSource.getConnection(HikariDataSource.java:111) ~[HikariCP-7.0.2.jar:na]
	at com.example.DAO.usuarioDAO.QueryLoginUsuario(usuarioDAO.java:49) ~[classes/:na]
	at java.base/jdk.internal.reflect.DirectMethodHandleAccessor.invoke(DirectMethodHandleAccessor.java:103) ~[na:na]
	at java.base/java.lang.reflect.Method.invoke(Method.java:580) ~[na:na]
	at org.springframework.aop.support.AopUtils.invokeJoinpointUsingReflection(AopUtils.java:359) ~[spring-aop-7.0.6.jar:7.0.6]
	at org.springframework.aop.framework.ReflectiveMethodInvocation.invokeJoinpoint(ReflectiveMethodInvocation.java:190) ~[spring-aop-7.0.6.jar:7.0.6]
	at org.springframework.aop.framework.ReflectiveMethodInvocation.proceed(ReflectiveMethodInvocation.java:158) ~[spring-aop-7.0.6.jar:7.0.6]
	at org.springframework.dao.support.PersistenceExceptionTranslationInterceptor.invoke(PersistenceExceptionTranslationInterceptor.java:135) ~[spring-tx-7.0.6.jar:7.0.6]
	at org.springframework.aop.framework.ReflectiveMethodInvocation.proceed(ReflectiveMethodInvocation.java:179) ~[spring-aop-7.0.6.jar:7.0.6]
	at org.springframework.aop.framework.CglibAopProxy$DynamicAdvisedInterceptor.intercept(CglibAopProxy.java:719) ~[spring-aop-7.0.6.jar:7.0.6]
	at com.example.DAO.usuarioDAO$$SpringCGLIB$$0.QueryLoginUsuario(<generated>) ~[classes/:na]
	at com.example.controller.LoginPageController.fazerLogin(LoginPageController.java:67) ~[classes/:na]
	at java.base/jdk.internal.reflect.DirectMethodHandleAccessor.invoke(DirectMethodHandleAccessor.java:103) ~[na:na]
	at java.base/java.lang.reflect.Method.invoke(Method.java:580) ~[na:na]
	at org.springframework.web.method.support.InvocableHandlerMethod.doInvoke(InvocableHandlerMethod.java:252) ~[spring-web-7.0.6.jar:7.0.6]
	at org.springframework.web.method.support.InvocableHandlerMethod.invokeForRequest(InvocableHandlerMethod.java:184) ~[spring-web-7.0.6.jar:7.0.6]
	at org.springframework.web.servlet.mvc.method.annotation.ServletInvocableHandlerMethod.invokeAndHandle(ServletInvocableHandlerMethod.java:117) ~[spring-webmvc-7.0.6.jar:7.0.6]
	at org.springframework.web.servlet.mvc.method.annotation.RequestMappingHandlerAdapter.invokeHandlerMethod(RequestMappingHandlerAdapter.java:934) ~[spring-webmvc-7.0.6.jar:7.0.6]
	at org.springframework.web.servlet.mvc.method.annotation.RequestMappingHandlerAdapter.handleInternal(RequestMappingHandlerAdapter.java:853) ~[spring-webmvc-7.0.6.jar:7.0.6]
	at org.springframework.web.servlet.mvc.method.AbstractHandlerMethodAdapter.handle(AbstractHandlerMethodAdapter.java:86) ~[spring-webmvc-7.0.6.jar:7.0.6]
	at org.springframework.web.servlet.DispatcherServlet.doDispatch(DispatcherServlet.java:963) ~[spring-webmvc-7.0.6.jar:7.0.6]
	at org.springframework.web.servlet.DispatcherServlet.doService(DispatcherServlet.java:866) ~[spring-webmvc-7.0.6.jar:7.0.6]
	at org.springframework.web.servlet.FrameworkServlet.processRequest(FrameworkServlet.java:1000) ~[spring-webmvc-7.0.6.jar:7.0.6]
	at org.springframework.web.servlet.FrameworkServlet.doPost(FrameworkServlet.java:903) ~[spring-webmvc-7.0.6.jar:7.0.6]
	at jakarta.servlet.http.HttpServlet.service(HttpServlet.java:649) ~[tomcat-embed-core-11.0.20.jar:6.1]
	at org.springframework.web.servlet.FrameworkServlet.service(FrameworkServlet.java:874) ~[spring-webmvc-7.0.6.jar:7.0.6]
	at jakarta.servlet.http.HttpServlet.service(HttpServlet.java:710) ~[tomcat-embed-core-11.0.20.jar:6.1]
	at org.apache.catalina.core.ApplicationFilterChain.doFilter(ApplicationFilterChain.java:128) ~[tomcat-embed-core-11.0.20.jar:11.0.20]
	at org.apache.tomcat.websocket.server.WsFilter.doFilter(WsFilter.java:53) ~[tomcat-embed-websocket-11.0.20.jar:11.0.20]
	at org.apache.catalina.core.ApplicationFilterChain.doFilter(ApplicationFilterChain.java:107) ~[tomcat-embed-core-11.0.20.jar:11.0.20]
	at org.springframework.web.servlet.resource.ResourceUrlEncodingFilter.doFilter(ResourceUrlEncodingFilter.java:66) ~[spring-webmvc-7.0.6.jar:7.0.6]
	at org.apache.catalina.core.ApplicationFilterChain.doFilter(ApplicationFilterChain.java:107) ~[tomcat-embed-core-11.0.20.jar:11.0.20]
	at org.springframework.web.filter.RequestContextFilter.doFilterInternal(RequestContextFilter.java:100) ~[spring-web-7.0.6.jar:7.0.6]
	at org.springframework.web.filter.OncePerRequestFilter.doFilter(OncePerRequestFilter.java:116) ~[spring-web-7.0.6.jar:7.0.6]
	at org.apache.catalina.core.ApplicationFilterChain.doFilter(ApplicationFilterChain.java:107) ~[tomcat-embed-core-11.0.20.jar:11.0.20]
	at org.springframework.web.filter.FormContentFilter.doFilterInternal(FormContentFilter.java:93) ~[spring-web-7.0.6.jar:7.0.6]
	at org.springframework.web.filter.OncePerRequestFilter.doFilter(OncePerRequestFilter.java:116) ~[spring-web-7.0.6.jar:7.0.6]
	at org.apache.catalina.core.ApplicationFilterChain.doFilter(ApplicationFilterChain.java:107) ~[tomcat-embed-core-11.0.20.jar:11.0.20]
	at org.springframework.web.filter.CharacterEncodingFilter.doFilterInternal(CharacterEncodingFilter.java:199) ~[spring-web-7.0.6.jar:7.0.6]
	at org.springframework.web.filter.OncePerRequestFilter.doFilter(OncePerRequestFilter.java:116) ~[spring-web-7.0.6.jar:7.0.6]
	at org.apache.catalina.core.ApplicationFilterChain.doFilter(ApplicationFilterChain.java:107) ~[tomcat-embed-core-11.0.20.jar:11.0.20]
	at org.apache.catalina.core.StandardWrapperValve.invoke(StandardWrapperValve.java:165) ~[tomcat-embed-core-11.0.20.jar:11.0.20]
	at org.apache.catalina.core.StandardContextValve.invoke(StandardContextValve.java:77) ~[tomcat-embed-core-11.0.20.jar:11.0.20]
	at org.apache.catalina.authenticator.AuthenticatorBase.invoke(AuthenticatorBase.java:492) ~[tomcat-embed-core-11.0.20.jar:11.0.20]
	at org.apache.catalina.core.StandardHostValve.invoke(StandardHostValve.java:113) ~[tomcat-embed-core-11.0.20.jar:11.0.20]
	at org.apache.catalina.valves.ErrorReportValve.invoke(ErrorReportValve.java:83) ~[tomcat-embed-core-11.0.20.jar:11.0.20]
	at org.apache.catalina.core.StandardEngineValve.invoke(StandardEngineValve.java:72) ~[tomcat-embed-core-11.0.20.jar:11.0.20]
	at org.apache.catalina.connector.CoyoteAdapter.service(CoyoteAdapter.java:341) ~[tomcat-embed-core-11.0.20.jar:11.0.20]
	at org.apache.coyote.http11.Http11Processor.service(Http11Processor.java:397) ~[tomcat-embed-core-11.0.20.jar:11.0.20]
	at org.apache.coyote.AbstractProcessorLight.process(AbstractProcessorLight.java:63) ~[tomcat-embed-core-11.0.20.jar:11.0.20]
	at org.apache.coyote.AbstractProtocol$ConnectionHandler.process(AbstractProtocol.java:903) ~[tomcat-embed-core-11.0.20.jar:11.0.20]
	at org.apache.tomcat.util.net.NioEndpoint$SocketProcessor.doRun(NioEndpoint.java:1779) ~[tomcat-embed-core-11.0.20.jar:11.0.20]
	at org.apache.tomcat.util.net.SocketProcessorBase.run(SocketProcessorBase.java:52) ~[tomcat-embed-core-11.0.20.jar:11.0.20]
	at org.apache.tomcat.util.threads.ThreadPoolExecutor.runWorker(ThreadPoolExecutor.java:946) ~[tomcat-embed-core-11.0.20.jar:11.0.20]
	at org.apache.tomcat.util.threads.ThreadPoolExecutor$Worker.run(ThreadPoolExecutor.java:480) ~[tomcat-embed-core-11.0.20.jar:11.0.20]
	at org.apache.tomcat.util.threads.TaskThread$WrappingRunnable.run(TaskThread.java:57) ~[tomcat-embed-core-11.0.20.jar:11.0.20]
	at java.base/java.lang.Thread.run(Thread.java:1575) ~[na:na]

2026-05-17T12:42:54.148-03:00  INFO 9740 --- [TCC] [restartedMain] com.example.TCC_Application              : Starting TCC_Application using Java 23 with PID 9740 (C:\Users\eddie\OneDrive\Documentos\.git\TCC-UMC\TCC\target\classes started by eddie in C:\Users\eddie\OneDrive\Documentos\.git\TCC-UMC)
2026-05-17T12:42:54.148-03:00  INFO 9740 --- [TCC] [restartedMain] com.example.TCC_Application              : No active profile set, falling back to 1 default profile: "default"
2026-05-17T12:42:54.481-03:00  INFO 9740 --- [TCC] [restartedMain] o.apache.catalina.core.StandardService   : Starting service [Tomcat]
2026-05-17T12:42:54.481-03:00  INFO 9740 --- [TCC] [restartedMain] o.apache.catalina.core.StandardEngine    : Starting Servlet engine: [Apache Tomcat/11.0.20]
2026-05-17T12:42:54.606-03:00  INFO 9740 --- [TCC] [restartedMain] com.zaxxer.hikari.HikariDataSource       : HikariPool-6 - Starting...
2026-05-17T12:42:54.876-03:00  INFO 9740 --- [TCC] [restartedMain] com.example.TCC_Application              : Started TCC_Application in 0.76 seconds (process running for 834.875)
2026-05-17T12:42:54.878-03:00  WARN 9740 --- [TCC] [restartedMain] o.s.core.events.SpringDocAppInitializer  : SpringDoc /v3/api-docs endpoint is enabled by default. To disable it in production, set the property 'springdoc.api-docs.enabled=false'
2026-05-17T12:42:54.878-03:00  WARN 9740 --- [TCC] [restartedMain] o.s.core.events.SpringDocAppInitializer  : SpringDoc /swagger-ui.html endpoint is enabled by default. To disable it in production, set the property 'springdoc.swagger-ui.enabled=false'
2026-05-17T12:42:58.432-03:00  INFO 9740 --- [TCC] [restartedMain] com.example.TCC_Application              : Starting TCC_Application using Java 23 with PID 9740 (C:\Users\eddie\OneDrive\Documentos\.git\TCC-UMC\TCC\target\classes started by eddie in C:\Users\eddie\OneDrive\Documentos\.git\TCC-UMC)
2026-05-17T12:42:58.433-03:00  INFO 9740 --- [TCC] [restartedMain] com.example.TCC_Application              : No active profile set, falling back to 1 default profile: "default"
2026-05-17T12:42:58.872-03:00  INFO 9740 --- [TCC] [restartedMain] o.apache.catalina.core.StandardService   : Starting service [Tomcat]
2026-05-17T12:42:58.874-03:00  INFO 9740 --- [TCC] [restartedMain] o.apache.catalina.core.StandardEngine    : Starting Servlet engine: [Apache Tomcat/11.0.20]
2026-05-17T12:42:59.019-03:00  INFO 9740 --- [TCC] [restartedMain] com.zaxxer.hikari.HikariDataSource       : HikariPool-7 - Starting...
2026-05-17T12:42:59.367-03:00  INFO 9740 --- [TCC] [restartedMain] com.example.TCC_Application              : Started TCC_Application in 0.978 seconds (process running for 839.367)
2026-05-17T12:42:59.369-03:00  WARN 9740 --- [TCC] [restartedMain] o.s.core.events.SpringDocAppInitializer  : SpringDoc /v3/api-docs endpoint is enabled by default. To disable it in production, set the property 'springdoc.api-docs.enabled=false'
2026-05-17T12:42:59.370-03:00  WARN 9740 --- [TCC] [restartedMain] o.s.core.events.SpringDocAppInitializer  : SpringDoc /swagger-ui.html endpoint is enabled by default. To disable it in production, set the property 'springdoc.swagger-ui.enabled=false'
